0 info it worked if it ends with ok
1 verbose cli [ 'C:\\Program Files\\nodejs\\node.exe',
1 verbose cli   'C:\\Program Files\\nodejs\\node_modules\\npm\\bin\\npm-cli.js',
1 verbose cli   'install' ]
2 info using npm@3.10.10
3 info using node@v6.10.3
4 silly loadCurrentTree Starting
5 silly install loadCurrentTree
6 silly install readLocalPackageData
7 silly install normalizeTree
8 silly loadCurrentTree Finishing
9 silly loadIdealTree Starting
10 silly install loadIdealTree
11 silly cloneCurrentTree Starting
12 silly install cloneCurrentTreeToIdealTree
13 silly cloneCurrentTree Finishing
14 silly loadShrinkwrap Starting
15 silly install loadShrinkwrap
16 silly loadShrinkwrap Finishing
17 silly loadAllDepsIntoIdealTree Starting
18 silly install loadAllDepsIntoIdealTree
19 silly loadAllDepsIntoIdealTree Finishing
20 silly loadIdealTree Finishing
21 silly currentTree angular-seed@0.0.0
21 silly currentTree +-- angular@0.0.1
21 silly currentTree +-- async@0.9.0
21 silly currentTree +-- bower@1.8.4
21 silly currentTree +-- bson@0.0.4
21 silly currentTree +-- colors@0.6.0-1
21 silly currentTree +-- connect@1.9.2
21 silly currentTree +-- corser@2.0.1
21 silly currentTree +-- debug@3.1.0
21 silly currentTree +-- ecstatic@1.4.1
21 silly currentTree | `-- mime@1.6.0
21 silly currentTree +-- eventemitter3@3.1.0
21 silly currentTree +-- express@2.5.8
21 silly currentTree +-- follow-redirects@1.5.9
21 silly currentTree +-- formidable@1.0.17
21 silly currentTree +-- he@0.5.0
21 silly currentTree +-- hooks@0.2.0
21 silly currentTree +-- http-proxy@1.17.0
21 silly currentTree +-- http-server@0.9.0
21 silly currentTree | `-- colors@1.0.3
21 silly currentTree +-- mime@1.2.4
21 silly currentTree +-- minimist@1.2.0
21 silly currentTree +-- mkdirp@0.3.0
21 silly currentTree +-- mongodb@0.9.9-7
21 silly currentTree +-- mongoose@2.5.13
21 silly currentTree +-- ms@2.0.0
21 silly currentTree +-- opener@1.4.3
21 silly currentTree +-- optimist@0.6.1
21 silly currentTree | `-- minimist@0.0.10
21 silly currentTree +-- portfinder@0.4.0
21 silly currentTree | +-- minimist@0.0.8
21 silly currentTree | `-- mkdirp@0.5.1
21 silly currentTree +-- qs@0.4.2
21 silly currentTree +-- requires-port@1.0.0
21 silly currentTree +-- union@0.4.6
21 silly currentTree | `-- qs@2.3.3
21 silly currentTree +-- url-join@1.1.0
21 silly currentTree `-- wordwrap@0.0.3
22 silly idealTree angular-seed@0.0.0
22 silly idealTree +-- angular@0.0.1
22 silly idealTree +-- async@0.9.0
22 silly idealTree +-- bower@1.8.4
22 silly idealTree +-- bson@0.0.4
22 silly idealTree +-- colors@0.6.0-1
22 silly idealTree +-- connect@1.9.2
22 silly idealTree +-- corser@2.0.1
22 silly idealTree +-- debug@3.1.0
22 silly idealTree +-- ecstatic@1.4.1
22 silly idealTree | `-- mime@1.6.0
22 silly idealTree +-- eventemitter3@3.1.0
22 silly idealTree +-- express@2.5.8
22 silly idealTree +-- follow-redirects@1.5.9
22 silly idealTree +-- formidable@1.0.17
22 silly idealTree +-- he@0.5.0
22 silly idealTree +-- hooks@0.2.0
22 silly idealTree +-- http-proxy@1.17.0
22 silly idealTree +-- http-server@0.9.0
22 silly idealTree | `-- colors@1.0.3
22 silly idealTree +-- mime@1.2.4
22 silly idealTree +-- minimist@1.2.0
22 silly idealTree +-- mkdirp@0.3.0
22 silly idealTree +-- mongodb@0.9.9-7
22 silly idealTree +-- mongoose@2.5.13
22 silly idealTree +-- ms@2.0.0
22 silly idealTree +-- opener@1.4.3
22 silly idealTree +-- optimist@0.6.1
22 silly idealTree | `-- minimist@0.0.10
22 silly idealTree +-- portfinder@0.4.0
22 silly idealTree | +-- minimist@0.0.8
22 silly idealTree | `-- mkdirp@0.5.1
22 silly idealTree +-- qs@0.4.2
22 silly idealTree +-- requires-port@1.0.0
22 silly idealTree +-- union@0.4.6
22 silly idealTree | `-- qs@2.3.3
22 silly idealTree +-- url-join@1.1.0
22 silly idealTree `-- wordwrap@0.0.3
23 silly generateActionsToTake Starting
24 silly install generateActionsToTake
25 silly generateActionsToTake Finishing
26 silly diffTrees action count 0
27 silly decomposeActions action count 0
28 silly runTopLevelLifecycles Starting
29 silly install runPreinstallTopLevelLifecycles
30 silly preinstall angular-seed@0.0.0 C:\Users\Daniel\git\DraggerReports\src\main\resources\static\angular-seed-3a7d309a
31 info lifecycle angular-seed@0.0.0~preinstall: angular-seed@0.0.0
32 silly lifecycle angular-seed@0.0.0~preinstall: no script for preinstall, continuing
33 silly executeActions Starting
34 silly install executeActions
35 silly doSerial global-install 0
36 silly doParallel fetch 0
37 verbose correctMkdir C:\Users\Daniel\AppData\Roaming\npm-cache\_locks correctMkdir not in flight; initializing
38 verbose lock using C:\Users\Daniel\AppData\Roaming\npm-cache\_locks\staging-9b7d62b74faffc76.lock for C:\Users\Daniel\git\DraggerReports\src\main\resources\static\node_modules\.staging
39 silly doParallel extract 0
40 silly doParallel preinstall 0
41 silly doReverseSerial remove 0
42 silly doSerial move 0
43 silly doSerial finalize 0
44 silly doSerial build 0
45 silly doSerial global-link 0
46 silly doParallel update-linked 0
47 silly doSerial install 0
48 silly doSerial postinstall 0
49 verbose unlock done using C:\Users\Daniel\AppData\Roaming\npm-cache\_locks\staging-9b7d62b74faffc76.lock for C:\Users\Daniel\git\DraggerReports\src\main\resources\static\node_modules\.staging
50 silly executeActions Finishing
51 silly rollbackFailedOptional Starting
52 silly rollbackFailedOptional Finishing
53 silly install runPostinstallTopLevelLifecycles
54 silly build angular-seed@0.0.0
55 info linkStuff angular-seed@0.0.0
56 silly linkStuff angular-seed@0.0.0 has C:\Users\Daniel\git\DraggerReports\src\main\resources as its parent node_modules
57 verbose linkBins angular-seed@0.0.0
58 verbose linkMans angular-seed@0.0.0
59 silly install angular-seed@0.0.0 C:\Users\Daniel\git\DraggerReports\src\main\resources\static\angular-seed-3a7d309a
60 info lifecycle angular-seed@0.0.0~install: angular-seed@0.0.0
61 silly lifecycle angular-seed@0.0.0~install: no script for install, continuing
62 silly postinstall angular-seed@0.0.0 C:\Users\Daniel\git\DraggerReports\src\main\resources\static\angular-seed-3a7d309a
63 info lifecycle angular-seed@0.0.0~postinstall: angular-seed@0.0.0
64 verbose lifecycle angular-seed@0.0.0~postinstall: unsafe-perm in lifecycle true
65 verbose lifecycle angular-seed@0.0.0~postinstall: PATH: C:\Program Files\nodejs\node_modules\npm\bin\node-gyp-bin;C:\Users\Daniel\git\DraggerReports\src\main\resources\static\node_modules\.bin;C:\gurobi801\win64\bin;C:\WinAVR-20100110\bin;C:\WinAVR-20100110\utils\bin;C:\ProgramData\Oracle\Java\javapath;C:\Program Files;C:\Program Files (x86);C:\Winnt;C:\Winnt\System32;C:\Program Files (x86)\GtkSharp\2.12\bin;C:\WINDOWS\system32\config\systemprofile\.dnx\bin;C:\Program Files\Microsoft DNX\Dnvm\;C:\Program Files\Microsoft SQL Server\120\Tools\Binn\;C:\Python26\;C:\Program Files (x86)\Intel\OpenCL SDK\2.0\bin\x86;C:\Program Files (x86)\Intel\OpenCL SDK\2.0\bin\x64;C:\WINDOWS\system32;C:\WINDOWS;C:\WINDOWS\System32\Wbem;C:\WINDOWS\System32\WindowsPowerShell\v1.0\;W:\bin;C:\Program Files (x86)\Google\Chrome\Application;C:\Program Files\nodejs\;C:\Program Files (x86)\Skype\Phone\;C:\Program Files\MATLAB\R2017b\bin;C:\Program Files (x86)\Plantronics\Spokes3G\;C:\WINDOWS\System32\OpenSSH\;C:\MinGW\bin;;C:\TDM-GCC-64\bin;C:\Program Files (x86)\GitExtensions\;C:\PostgreSQL\pg10\bin;C:\WINDOWS\system32;C:\WINDOWS;C:\WINDOWS\System32\Wbem;C:\WINDOWS\System32\WindowsPowerShell\v1.0\;C:\Program Files (x86)\Java\jdk1.7.0_10\bin;C:\Users\Daniel\Documents\NetBeansProjects\Try;C:\Program Files (x86)\Microsoft Visual Studio 10.0\VC\bin\amd64;C:\Program Files (x86)\Microsoft Visual Studio 10.0\VC\include;C:\Users\Daniel\AppData\Local\Microsoft\WindowsApps;W:\bin;C:\Program Files (x86)\Google\Chrome\Application;C:\Users\Daniel\AppData\Roaming\npm;C:\Program Files (x86)\Arduino;C:\Program Files (x86)\Arduino\hardware\tools\avr\bin;C:\MinGW\bin;C:\gurobi801\win64\bin;
66 verbose lifecycle angular-seed@0.0.0~postinstall: CWD: C:\Users\Daniel\git\DraggerReports\src\main\resources\static
67 silly lifecycle angular-seed@0.0.0~postinstall: Args: [ '/d /s /c', 'bower install' ]
68 silly lifecycle angular-seed@0.0.0~postinstall: Returned: code: 1  signal: null
69 info lifecycle angular-seed@0.0.0~postinstall: Failed to exec postinstall script
70 verbose stack Error: angular-seed@0.0.0 postinstall: `bower install`
70 verbose stack Exit status 1
70 verbose stack     at EventEmitter.<anonymous> (C:\Program Files\nodejs\node_modules\npm\lib\utils\lifecycle.js:255:16)
70 verbose stack     at emitTwo (events.js:106:13)
70 verbose stack     at EventEmitter.emit (events.js:191:7)
70 verbose stack     at ChildProcess.<anonymous> (C:\Program Files\nodejs\node_modules\npm\lib\utils\spawn.js:40:14)
70 verbose stack     at emitTwo (events.js:106:13)
70 verbose stack     at ChildProcess.emit (events.js:191:7)
70 verbose stack     at maybeClose (internal/child_process.js:886:16)
70 verbose stack     at Process.ChildProcess._handle.onexit (internal/child_process.js:226:5)
71 verbose pkgid angular-seed@0.0.0
72 verbose cwd C:\Users\Daniel\git\DraggerReports\src\main\resources\static
73 error Windows_NT 10.0.17134
74 error argv "C:\\Program Files\\nodejs\\node.exe" "C:\\Program Files\\nodejs\\node_modules\\npm\\bin\\npm-cli.js" "install"
75 error node v6.10.3
76 error npm  v3.10.10
77 error code ELIFECYCLE
78 error angular-seed@0.0.0 postinstall: `bower install`
78 error Exit status 1
79 error Failed at the angular-seed@0.0.0 postinstall script 'bower install'.
79 error Make sure you have the latest version of node.js and npm installed.
79 error If you do, this is most likely a problem with the angular-seed package,
79 error not with npm itself.
79 error Tell the author that this fails on your system:
79 error     bower install
79 error You can get information on how to open an issue for this project with:
79 error     npm bugs angular-seed
79 error Or if that isn't available, you can get their info via:
79 error     npm owner ls angular-seed
79 error There is likely additional logging output above.
80 verbose exit [ 1, true ]
